
**** 01/31/18 00:35:00 ********* PSpice 9.2 (Mar 2000) ******** ID# 0 ********

 * C:\Users\Sanjoy Kumar\Documents\AcEquivqlentCktExp5.sch


 ****     CIRCUIT DESCRIPTION


******************************************************************************




* Schematics Version 9.2
* Wed Jan 31 00:35:00 2018



** Analysis setup **
.DC LIN V_V2 0 5 .01 
.OP 


* From [PSPICE NETLIST] section of C:\Program Files\Orcad\PSpice\PSpice.ini:
.lib "nom.lib"

.INC "AcEquivqlentCktExp5.net"



**** INCLUDING AcEquivqlentCktExp5.net ****
* Schematics Netlist *



M_M1         $N_0003 $N_0001 $N_0002 $N_0002 IRF9140
M_M2         $N_0002 $N_0001 $N_0001 $N_0001 IRF9140
V_V1         $N_0002 0 10V
V_V2         $N_0004 0 0V
M_M3         $N_0003 $N_0004 0 0 IRF140
R_R2         $N_0001 0  644v  

**** RESUMING AcEquivqlentCktExp5.cir ****
.PROBE V(*) I(*) W(*) D(*) NOISE(*) 


.END

**** 01/31/18 00:35:00 ********* PSpice 9.2 (Mar 2000) ******** ID# 0 ********

 * C:\Users\Sanjoy Kumar\Documents\AcEquivqlentCktExp5.sch


 ****     MOSFET MODEL PARAMETERS


******************************************************************************




               IRF9140         IRF140          
               PMOS            NMOS            
       LEVEL    3               3            
           L    2.000000E-06    2.000000E-06 
           W    1.9              .97         
         VTO   -3.67            3.189        
          KP   10.150000E-06   20.610000E-06 
       GAMMA    0               0            
         PHI     .6              .6          
      LAMBDA    0               0            
          RD     .06066          .02219      
          RS     .0706           .02194      
          RG     .811           5.659        
         RDS  444.400000E+03  444.400000E+03 
          IS   52.230000E-18    1.303000E-12 
          JS    0               0            
           N    2                            
          PB     .8              .8          
        PBSW     .8              .8          
         CBD    2.141000E-09    2.398000E-09 
          CJ    0               0            
        CJSW    0               0            
          TT  140.000000E-09  142.000000E-09 
        CGSO  877.200000E-12    1.113000E-09 
        CGDO  369.300000E-12  432.100000E-12 
        CGBO    0               0            
         TOX  100.000000E-09  100.000000E-09 
          XJ    0               0            
          UO  300                            
       UCRIT   10.000000E+03   10.000000E+03 
       DELTA    0               0            
         ETA    0               0            
      DIOMOD    1               1            
         VFB    0               0            
        LETA    0               0            
        WETA    0               0            
          U0    0               0            
        TEMP    0               0            
         VDD    0               0            
       XPART    0               0            


**** 01/31/18 00:35:00 ********* PSpice 9.2 (Mar 2000) ******** ID# 0 ********

 * C:\Users\Sanjoy Kumar\Documents\AcEquivqlentCktExp5.sch


 ****     SMALL SIGNAL BIAS SOLUTION       TEMPERATURE =   27.000 DEG C


******************************************************************************



 NODE   VOLTAGE     NODE   VOLTAGE     NODE   VOLTAGE     NODE   VOLTAGE


($N_0001)    8.2851                   ($N_0002)   10.0000                       

($N_0003)    5.0000                   ($N_0004)    0.0000                   




    VOLTAGE SOURCE CURRENTS
    NAME         CURRENT

    V_V1        -1.288E-02
    V_V2         0.000E+00

    TOTAL POWER DISSIPATION   1.29E-01  WATTS


**** 01/31/18 00:35:00 ********* PSpice 9.2 (Mar 2000) ******** ID# 0 ********

 * C:\Users\Sanjoy Kumar\Documents\AcEquivqlentCktExp5.sch


 ****     OPERATING POINT INFORMATION      TEMPERATURE =   27.000 DEG C


******************************************************************************






**** MOSFETS


NAME         M_M1        M_M2        M_M3      
MODEL        IRF9140     IRF9140     IRF140    
ID          -1.13E-05    1.29E-02    1.13E-05 
VGS         -1.71E+00    0.00E+00    0.00E+00 
VDS         -5.00E+00    1.71E+00    5.00E+00 
VBS          0.00E+00    0.00E+00    0.00E+00 
VTH         -3.67E+00   -3.67E+00    3.19E+00 
VDSAT        0.00E+00    0.00E+00    0.00E+00 
Lin0/Sat1   -1.00E+00   -1.00E+00   -1.00E+00 
if          -1.00E+00   -1.00E+00   -1.00E+00 
ir          -1.00E+00   -1.00E+00   -1.00E+00 
TAU         -1.00E+00   -1.00E+00   -1.00E+00 
GM           0.00E+00    0.00E+00    0.00E+00 
GDS          2.25E-06    2.25E-06    2.25E-06 
GMB          0.00E+00    0.00E+00    0.00E+00 
CBD          7.95E-10    4.28E-08    8.91E-10 
CBS          1.40E-19    1.40E-19    7.30E-18 
CGSOV        1.67E-09    1.67E-09    1.08E-09 
CGDOV        7.02E-10    7.02E-10    4.19E-10 
CGBOV        0.00E+00    0.00E+00    0.00E+00 
CGS          0.00E+00    0.00E+00    0.00E+00 
CGD          0.00E+00    0.00E+00    0.00E+00 
CGB          1.31E-09    1.31E-09    6.70E-10 

          JOB CONCLUDED

          TOTAL JOB TIME             .06
