
**** 01/31/18 04:35:13 ********* PSpice 9.2 (Mar 2000) ******** ID# 0 ********

 * C:\Users\Sanjoy Kumar\Documents\DcNosInverter.sch


 ****     CIRCUIT DESCRIPTION


******************************************************************************




* Schematics Version 9.2
* Wed Jan 31 00:28:50 2018



** Analysis setup **
.DC LIN V_Vgg 0 10 .01 
.OP 


* From [PSPICE NETLIST] section of C:\Program Files\Orcad\PSpice\PSpice.ini:
.lib "nom.lib"

.INC "DcNosInverter.net"



**** INCLUDING DcNosInverter.net ****
* Schematics Netlist *



M_M2         $N_0002 $N_0001 0 0 IRF140
M_M1         $N_0002 $N_0001 $N_0003 $N_0003 IRF9140
V_Vdd         $N_0003 0 10Vdc
V_Vgg         $N_0001 0 0V
R_RL         0 $N_0002  100k  

**** RESUMING DcNosInverter.cir ****
.PROBE V(*) I(*) W(*) D(*) NOISE(*) 


.END

**** 01/31/18 04:35:13 ********* PSpice 9.2 (Mar 2000) ******** ID# 0 ********

 * C:\Users\Sanjoy Kumar\Documents\DcNosInverter.sch


 ****     MOSFET MODEL PARAMETERS


******************************************************************************




               IRF140          IRF9140         
               NMOS            PMOS            
       LEVEL    3               3            
           L    2.000000E-06    2.000000E-06 
           W     .97            1.9          
         VTO    3.189          -3.67         
          KP   20.610000E-06   10.150000E-06 
       GAMMA    0               0            
         PHI     .6              .6          
      LAMBDA    0               0            
          RD     .02219          .06066      
          RS     .02194          .0706       
          RG    5.659            .811        
         RDS  444.400000E+03  444.400000E+03 
          IS    1.303000E-12   52.230000E-18 
          JS    0               0            
           N                    2            
          PB     .8              .8          
        PBSW     .8              .8          
         CBD    2.398000E-09    2.141000E-09 
          CJ    0               0            
        CJSW    0               0            
          TT  142.000000E-09  140.000000E-09 
        CGSO    1.113000E-09  877.200000E-12 
        CGDO  432.100000E-12  369.300000E-12 
        CGBO    0               0            
         TOX  100.000000E-09  100.000000E-09 
          XJ    0               0            
          UO                  300            
       UCRIT   10.000000E+03   10.000000E+03 
       DELTA    0               0            
         ETA    0               0            
      DIOMOD    1               1            
         VFB    0               0            
        LETA    0               0            
        WETA    0               0            
          U0    0               0            
        TEMP    0               0            
         VDD    0               0            
       XPART    0               0            


**** 01/31/18 04:35:13 ********* PSpice 9.2 (Mar 2000) ******** ID# 0 ********

 * C:\Users\Sanjoy Kumar\Documents\DcNosInverter.sch


 ****     SMALL SIGNAL BIAS SOLUTION       TEMPERATURE =   27.000 DEG C


******************************************************************************



 NODE   VOLTAGE     NODE   VOLTAGE     NODE   VOLTAGE     NODE   VOLTAGE


($N_0001)    0.0000                   ($N_0002)   10.0000                       

($N_0003)   10.0000                   




    VOLTAGE SOURCE CURRENTS
    NAME         CURRENT

    V_Vdd       -1.225E-04
    V_Vgg        0.000E+00

    TOTAL POWER DISSIPATION   1.23E-03  WATTS


**** 01/31/18 04:35:13 ********* PSpice 9.2 (Mar 2000) ******** ID# 0 ********

 * C:\Users\Sanjoy Kumar\Documents\DcNosInverter.sch


 ****     OPERATING POINT INFORMATION      TEMPERATURE =   27.000 DEG C


******************************************************************************






**** MOSFETS


NAME         M_M2        M_M1      
MODEL        IRF140      IRF9140   
ID           2.25E-05   -1.23E-04 
VGS          0.00E+00   -1.00E+01 
VDS          1.00E+01   -1.81E-05 
VBS          0.00E+00    0.00E+00 
VTH          3.19E+00   -3.67E+00 
VDSAT        0.00E+00   -6.33E+00 
Lin0/Sat1   -1.00E+00   -1.00E+00 
if          -1.00E+00   -1.00E+00 
ir          -1.00E+00   -1.00E+00 
TAU         -1.00E+00   -1.00E+00 
GM           0.00E+00    1.94E-05 
GDS          2.25E-06    6.10E+01 
GMB          0.00E+00    0.00E+00 
CBD          6.53E-10    2.14E-09 
CBS          7.30E-18    1.40E-19 
CGSOV        1.08E-09    1.67E-09 
CGDOV        4.19E-10    7.02E-10 
CGBOV        0.00E+00    0.00E+00 
CGS          0.00E+00    6.56E-10 
CGD          0.00E+00    6.56E-10 
CGB          6.70E-10    0.00E+00 

          JOB CONCLUDED

          TOTAL JOB TIME             .13
