
**** 01/31/18 04:51:12 ********* PSpice 9.2 (Mar 2000) ******** ID# 0 ********

 * C:\Users\Sanjoy Kumar\Documents\Mosfetintegreted.sch


 ****     CIRCUIT DESCRIPTION


******************************************************************************




* Schematics Version 9.2
* Wed Jan 31 04:51:12 2018



** Analysis setup **
.DC LIN V_V1 10 100 .1 
.OP 


* From [PSPICE NETLIST] section of C:\Program Files\Orcad\PSpice\PSpice.ini:
.lib "nom.lib"

.INC "Mosfetintegreted.net"



**** INCLUDING Mosfetintegreted.net ****
* Schematics Netlist *



M_M1         $N_0003 $N_0001 $N_0002 $N_0002 IRF9140
M_M2         $N_0002 $N_0001 $N_0001 $N_0001 IRF9140
R_R1         $N_0001 0  Rbreak  
--------------------------------$
ERROR -- Missing value
V_V1         $N_0002 0 10V
R_R2         $N_0003 0  1k  

**** RESUMING Mosfetintegreted.cir ****
.PROBE V(*) I(*) W(*) D(*) NOISE(*) 


.END
